<?xml version="1.0" encoding="UTF-8"?>
<!-- Generated by org.testng.reporters.JUnitReportReporter -->
<testsuite skipped="0" hostname="Rahul-PC" name="testng.Test2" tests="1" failures="0" timestamp="2021-07-24T17:45:28 IST" time="20.532" errors="0">
  <testcase name="forgotPassword" time="20.532" classname="testng.Test2"/>
  <system-out>
    <![CDATA[Reset Password â€¢ Instagram
https://www.instagram.com/accounts/password/reset/]]>
  </system-out>
</testsuite> <!-- testng.Test2 -->
