<?xml version="1.0" encoding="UTF-8"?>
<!-- Generated by org.testng.reporters.JUnitReportReporter -->
<testsuite skipped="0" hostname="Rahul-PC" name="testng.Test1" tests="1" failures="0" timestamp="2021-07-24T17:45:28 IST" time="38.866" errors="0">
  <testcase name="login" time="38.866" classname="testng.Test1"/>
  <system-out>
    <![CDATA[Instagram
https://www.instagram.com/]]>
  </system-out>
</testsuite> <!-- testng.Test1 -->
