<?xml version="1.0" encoding="UTF-8"?>
<!-- Generated by org.testng.reporters.JUnitReportReporter -->
<testsuite skipped="0" hostname="Rahul-PC" name="pom.Test0" tests="1" failures="0" timestamp="2021-07-24T17:39:41 IST" time="0.011" errors="0">
  <testcase name="data" time="0.011" classname="pom.Test0"/>
  <system-out>
    <![CDATA[hello every one
those people are not attend a class will be not provide a interview]]>
  </system-out>
</testsuite> <!-- pom.Test0 -->
