<?xml version="1.0" encoding="UTF-8"?>
<!-- Generated by org.testng.reporters.JUnitReportReporter -->
<testsuite skipped="0" hostname="Rahul-PC" name="testng.Test3" tests="1" failures="0" timestamp="2021-07-24T17:45:28 IST" time="27.399" errors="0">
  <testcase name="CreateNewAccount" time="27.399" classname="testng.Test3"/>
  <system-out>
    <![CDATA[Login â€¢ Instagram
https://www.instagram.com/accounts/emailsignup/]]>
  </system-out>
</testsuite> <!-- testng.Test3 -->
